Performing C SOURCE FILE Test CMAKE_HAVE_LIBC_PTHREAD failed with the following output:
Change Dir: /usr/sun/CS106L/HW/AP1400-2-HW2/build/CMakeFiles/CMakeTmp

Run Build Command(s):/usr/bin/make -f Makefile cmTC_9512f/fast && /usr/bin/make  -f CMakeFiles/cmTC_9512f.dir/build.make CMakeFiles/cmTC_9512f.dir/build
make[1]: Entering directory '/usr/sun/CS106L/HW/AP1400-2-HW2/build/CMakeFiles/CMakeTmp'
Building C object CMakeFiles/cmTC_9512f.dir/src.c.o
/usr/bin/cc -DCMAKE_HAVE_LIBC_PTHREAD   -o CMakeFiles/cmTC_9512f.dir/src.c.o -c /usr/sun/CS106L/HW/AP1400-2-HW2/build/CMakeFiles/CMakeTmp/src.c
Linking C executable cmTC_9512f
/usr/local/bin/cmake -E cmake_link_script CMakeFiles/cmTC_9512f.dir/link.txt --verbose=1
/usr/bin/cc CMakeFiles/cmTC_9512f.dir/src.c.o -o cmTC_9512f 
CMakeFiles/cmTC_9512f.dir/src.c.o: In function `main':
src.c:(.text+0x3e): undefined reference to `pthread_create'
src.c:(.text+0x4a): undefined reference to `pthread_detach'
src.c:(.text+0x56): undefined reference to `pthread_cancel'
src.c:(.text+0x67): undefined reference to `pthread_join'
src.c:(.text+0x7b): undefined reference to `pthread_atfork'
collect2: error: ld returned 1 exit status
CMakeFiles/cmTC_9512f.dir/build.make:98: recipe for target 'cmTC_9512f' failed
make[1]: *** [cmTC_9512f] Error 1
make[1]: Leaving directory '/usr/sun/CS106L/HW/AP1400-2-HW2/build/CMakeFiles/CMakeTmp'
Makefile:127: recipe for target 'cmTC_9512f/fast' failed
make: *** [cmTC_9512f/fast] Error 2


Source file was:
#include <pthread.h>

static void* test_func(void* data)
{
  return data;
}

int main(void)
{
  pthread_t thread;
  pthread_create(&thread, NULL, test_func, NULL);
  pthread_detach(thread);
  pthread_cancel(thread);
  pthread_join(thread, NULL);
  pthread_atfork(NULL, NULL, NULL);
  pthread_exit(NULL);

  return 0;
}

Determining if the function pthread_create exists in the pthreads failed with the following output:
Change Dir: /usr/sun/CS106L/HW/AP1400-2-HW2/build/CMakeFiles/CMakeTmp

Run Build Command(s):/usr/bin/make -f Makefile cmTC_544af/fast && /usr/bin/make  -f CMakeFiles/cmTC_544af.dir/build.make CMakeFiles/cmTC_544af.dir/build
make[1]: Entering directory '/usr/sun/CS106L/HW/AP1400-2-HW2/build/CMakeFiles/CMakeTmp'
Building C object CMakeFiles/cmTC_544af.dir/CheckFunctionExists.c.o
/usr/bin/cc   -DCHECK_FUNCTION_EXISTS=pthread_create -o CMakeFiles/cmTC_544af.dir/CheckFunctionExists.c.o -c /usr/local/share/cmake-3.23/Modules/CheckFunctionExists.c
Linking C executable cmTC_544af
/usr/local/bin/cmake -E cmake_link_script CMakeFiles/cmTC_544af.dir/link.txt --verbose=1
/usr/bin/cc  -DCHECK_FUNCTION_EXISTS=pthread_create CMakeFiles/cmTC_544af.dir/CheckFunctionExists.c.o -o cmTC_544af  -lpthreads 
/usr/bin/ld: cannot find -lpthreads
collect2: error: ld returned 1 exit status
CMakeFiles/cmTC_544af.dir/build.make:98: recipe for target 'cmTC_544af' failed
make[1]: *** [cmTC_544af] Error 1
make[1]: Leaving directory '/usr/sun/CS106L/HW/AP1400-2-HW2/build/CMakeFiles/CMakeTmp'
Makefile:127: recipe for target 'cmTC_544af/fast' failed
make: *** [cmTC_544af/fast] Error 2



